<?xml version="1.0" encoding="UTF-8"?>
<testsuite name="com.app.letrachica.LetraChicaApplicationTests" tests="1" skipped="0" failures="0" errors="0" timestamp="2025-06-04T16:04:08.272Z" hostname="dany1002-Lenovo-ideapad-330-14IKB" time="2.564">
  <properties/>
  <testcase name="contextLoads()" classname="com.app.letrachica.LetraChicaApplicationTests" time="2.564"/>
  <system-out><![CDATA[13:03:49.076 [Test worker] INFO org.springframework.test.context.support.AnnotationConfigContextLoaderUtils -- Could not detect default configuration classes for test class [com.app.letrachica.LetraChicaApplicationTests]: LetraChicaApplicationTests does not declare any static, non-private, non-final, nested classes annotated with @Configuration.
13:03:50.091 [Test worker] INFO org.springframework.boot.test.context.SpringBootTestContextBootstrapper -- Found @SpringBootConfiguration com.app.letrachica.LetraChicaApplication for test class com.app.letrachica.LetraChicaApplicationTests

  .   ____          _            __ _ _
 /\\ / ___'_ __ _ _(_)_ __  __ _ \ \ \ \
( ( )\___ | '_ | '_| | '_ \/ _` | \ \ \ \
 \\/  ___)| |_)| | | | | || (_| |  ) ) ) )
  '  |____| .__|_| |_|_| |_\__, | / / / /
 =========|_|==============|___/=/_/_/_/

 :: Spring Boot ::                (v3.5.0)

2025-06-04T13:03:56.334-03:00  INFO 66151 --- [letra_chica] [    Test worker] c.a.l.LetraChicaApplicationTests         : Starting LetraChicaApplicationTests using Java 17.0.15 with PID 66151 (started by dany1002 in /home/dany1002/Escritorio/workspace/fiuba/gdsi/letra-chica/backend)
2025-06-04T13:03:56.414-03:00  INFO 66151 --- [letra_chica] [    Test worker] c.a.l.LetraChicaApplicationTests         : No active profile set, falling back to 1 default profile: "default"
2025-06-04T13:04:08.192-03:00  INFO 66151 --- [letra_chica] [    Test worker] c.a.l.LetraChicaApplicationTests         : Started LetraChicaApplicationTests in 17.464 seconds (process running for 22.824)
]]></system-out>
  <system-err><![CDATA[]]></system-err>
</testsuite>
