<?xml version="1.0" encoding="UTF-8"?>
<testsuite name="com.app.letrachica.controller.rest.UserControllerTest" tests="3" skipped="0" failures="0" errors="0" timestamp="2025-06-04T16:04:12.325Z" hostname="dany1002-Lenovo-ideapad-330-14IKB" time="0.048">
  <properties/>
  <testcase name="testGetAllUsersShouldReturnUsers()" classname="com.app.letrachica.controller.rest.UserControllerTest" time="0.007"/>
  <testcase name="testGetUserByIdShouldReturnUserInfo()" classname="com.app.letrachica.controller.rest.UserControllerTest" time="0.019"/>
  <testcase name="testGetUserBiIdShouldThrowIfNotFound()" classname="com.app.letrachica.controller.rest.UserControllerTest" time="0.011"/>
  <system-out><![CDATA[]]></system-out>
  <system-err><![CDATA[]]></system-err>
</testsuite>
