<?xml version="1.0" encoding="UTF-8"?>
<testsuite name="com.app.letrachica.core.usecase.impl.GoogleAuthServiceTest" tests="1" skipped="0" failures="0" errors="0" timestamp="2025-06-04T16:04:12.397Z" hostname="dany1002-Lenovo-ideapad-330-14IKB" time="0.843">
  <properties/>
  <testcase name="testShouldReturnBadRequestForInvalidToken()" classname="com.app.letrachica.core.usecase.impl.GoogleAuthServiceTest" time="0.843"/>
  <system-out><![CDATA[]]></system-out>
  <system-err><![CDATA[]]></system-err>
</testsuite>
